<?xml version="1.0" encoding="UTF-8"?>
<testng-results ignored="1" total="3" passed="2" failed="0" skipped="0">
  <reporter-output>
  </reporter-output>
  <suite started-at="2020-03-14T13:28:35 EET" name="Default suite" finished-at="2020-03-14T13:29:05 EET" duration-ms="30731">
    <groups>
    </groups>
    <test started-at="2020-03-14T13:28:35 EET" name="Default test" finished-at="2020-03-14T13:29:05 EET" duration-ms="30731">
      <class name="tests.UserRegistration_Test">
        <test-method is-config="true" signature="StartDriver(java.lang.String)[pri:0, instance:tests.UserRegistration_Test@3c72f59f]" started-at="2020-03-14T13:28:22 EET" name="StartDriver" finished-at="2020-03-14T13:28:35 EET" duration-ms="12395" status="PASS">
          <params>
            <param index="0">
              <value>
                <![CDATA[chrome]]>
              </value>
            </param>
          </params>
          <reporter-output>
          </reporter-output>
        </test-method> <!-- StartDriver -->
        <test-method signature="SuccessfullyRegister(java.lang.String, java.lang.String, java.lang.String, java.lang.String)[pri:0, instance:tests.UserRegistration_Test@3c72f59f]" started-at="2020-03-14T13:28:35 EET" name="SuccessfullyRegister" data-provider="testData1" finished-at="2020-03-14T13:28:48 EET" duration-ms="13395" status="PASS">
          <params>
            <param index="0">
              <value>
                <![CDATA[Mohamed]]>
              </value>
            </param>
            <param index="1">
              <value>
                <![CDATA[Ahmed]]>
              </value>
            </param>
            <param index="2">
              <value>
                <![CDATA[moha36954@gmail.com]]>
              </value>
            </param>
            <param index="3">
              <value>
                <![CDATA[123456]]>
              </value>
            </param>
          </params>
          <reporter-output>
          </reporter-output>
        </test-method> <!-- SuccessfullyRegister -->
        <test-method signature="SuccessfullyRegister(java.lang.String, java.lang.String, java.lang.String, java.lang.String)[pri:0, instance:tests.UserRegistration_Test@3c72f59f]" started-at="2020-03-14T13:28:48 EET" name="SuccessfullyRegister" data-provider="testData1" finished-at="2020-03-14T13:29:05 EET" duration-ms="17281" status="PASS">
          <params>
            <param index="0">
              <value>
                <![CDATA[Mohamed]]>
              </value>
            </param>
            <param index="1">
              <value>
                <![CDATA[Ahmed]]>
              </value>
            </param>
            <param index="2">
              <value>
                <![CDATA[moha363333954@gmail.com]]>
              </value>
            </param>
            <param index="3">
              <value>
                <![CDATA[123456]]>
              </value>
            </param>
          </params>
          <reporter-output>
          </reporter-output>
        </test-method> <!-- SuccessfullyRegister -->
        <test-method is-config="true" signature="StopDriver()[pri:0, instance:tests.UserRegistration_Test@3c72f59f]" started-at="2020-03-14T13:29:05 EET" name="StopDriver" finished-at="2020-03-14T13:29:06 EET" duration-ms="102" status="PASS">
          <reporter-output>
          </reporter-output>
        </test-method> <!-- StopDriver -->
      </class> <!-- tests.UserRegistration_Test -->
    </test> <!-- Default test -->
  </suite> <!-- Default suite -->
</testng-results>
