<?xml version="1.0" encoding="UTF-8"?>
<!-- Generated by org.testng.reporters.JUnitXMLReporter -->
<testsuite ignored="1" hostname="DESKTOP-66DS3TN" failures="0" tests="2" name="Default test" time="30.731" errors="0" timestamp="2020-03-14T13:29:05 EET">
  <testcase classname="tests.UserRegistration_Test" name="SuccessfullyRegister" time="13.395"/>
  <testcase classname="tests.UserRegistration_Test" name="SuccessfullyRegister" time="17.281"/>
  <testcase classname="tests.UserRegistration_Test" name="UserLoginSucceffully" time="0.0">
    <ignored/>
  </testcase> <!-- UserLoginSucceffully -->
</testsuite> <!-- Default test -->
